<?xml version="1.0" encoding="utf-8"?><testsuites name="pytest tests"><testsuite name="pytest" errors="0" failures="0" skipped="0" tests="12" time="3.979" timestamp="2026-03-26T21:30:00.326442+00:00" hostname="agent-env-c7c4d0de-d056-4a15-972e-33db6427e9e8"><testcase classname="backend.tests.test_localization.TestDualPricing" name="test_products_endpoint_returns_price_ghs" time="0.325" /><testcase classname="backend.tests.test_localization.TestDualPricing" name="test_product_detail_returns_price_ghs" time="0.253" /><testcase classname="backend.tests.test_localization.TestDualPricing" name="test_vendor_create_product_with_dual_pricing" time="0.581" /><testcase classname="backend.tests.test_localization.TestDualPricing" name="test_vendor_update_product_ghs_price" time="0.348" /><testcase classname="backend.tests.test_localization.TestDualPricing" name="test_featured_products_include_price_ghs" time="0.117" /><testcase classname="backend.tests.test_localization.TestDualPricing" name="test_popular_products_include_price_ghs" time="0.131" /><testcase classname="backend.tests.test_localization.TestDualPricing" name="test_categories_endpoint" time="0.121" /><testcase classname="backend.tests.test_localization.TestProductModels" name="test_product_create_accepts_price_ghs" time="0.591" /><testcase classname="backend.tests.test_localization.TestProductModels" name="test_product_create_accepts_customization_price_ghs" time="0.129" /><testcase classname="backend.tests.test_localization.TestProductModels" name="test_product_update_accepts_ghs_fields" time="0.246" /><testcase classname="backend.tests.test_localization.TestVendorDashboard" name="test_vendor_products_include_ghs_prices" time="0.472" /><testcase classname="backend.tests.test_localization.TestVendorDashboard" name="test_vendor_dashboard_loads" time="0.593" /></testsuite></testsuites>