<?xml version="1.0" encoding="utf-8"?><testsuites name="pytest tests"><testsuite name="pytest" errors="0" failures="0" skipped="0" tests="30" time="6.242" timestamp="2026-03-25T12:30:27.251785+00:00" hostname="agent-env-c38652aa-d834-4feb-9277-5d062888cbba"><testcase classname="backend.tests.test_admin_vendor_dashboards.TestHealthCheck" name="test_api_health" time="0.132" /><testcase classname="backend.tests.test_admin_vendor_dashboards.TestAdminAuthentication" name="test_admin_login_success" time="0.325" /><testcase classname="backend.tests.test_admin_vendor_dashboards.TestAdminAuthentication" name="test_admin_login_invalid_credentials" time="0.329" /><testcase classname="backend.tests.test_admin_vendor_dashboards.TestVendorAuthentication" name="test_vendor_login_success" time="0.319" /><testcase classname="backend.tests.test_admin_vendor_dashboards.TestAdminDashboard" name="test_admin_dashboard_stats" time="0.459" /><testcase classname="backend.tests.test_admin_vendor_dashboards.TestAdminDashboard" name="test_admin_vendor_analytics" time="0.143" /><testcase classname="backend.tests.test_admin_vendor_dashboards.TestAdminDashboard" name="test_admin_view_vendor_products" time="0.216" /><testcase classname="backend.tests.test_admin_vendor_dashboards.TestAdminDashboard" name="test_admin_voting_stats" time="0.101" /><testcase classname="backend.tests.test_admin_vendor_dashboards.TestAdminDashboard" name="test_admin_orders_list" time="0.119" /><testcase classname="backend.tests.test_admin_vendor_dashboards.TestAdminDashboard" name="test_admin_update_order_status" time="0.107" /><testcase classname="backend.tests.test_admin_vendor_dashboards.TestVendorDashboard" name="test_vendor_dashboard_financial_overview" time="0.435" /><testcase classname="backend.tests.test_admin_vendor_dashboards.TestVendorDashboard" name="test_vendor_orders_list" time="0.105" /><testcase classname="backend.tests.test_admin_vendor_dashboards.TestVendorDashboard" name="test_vendor_update_order_status" time="0.124" /><testcase classname="backend.tests.test_admin_vendor_dashboards.TestVendorDashboard" name="test_vendor_order_status_invalid" time="0.107" /><testcase classname="backend.tests.test_admin_vendor_dashboards.TestVendorDashboard" name="test_vendor_products_list" time="0.107" /><testcase classname="backend.tests.test_admin_vendor_dashboards.TestVendorDashboard" name="test_vendor_create_product" time="0.122" /><testcase classname="backend.tests.test_admin_vendor_dashboards.TestVendorDashboard" name="test_vendor_duplicate_product" time="0.333" /><testcase classname="backend.tests.test_admin_vendor_dashboards.TestVendorDashboard" name="test_vendor_pause_product" time="0.407" /><testcase classname="backend.tests.test_admin_vendor_dashboards.TestVendorDashboard" name="test_vendor_edit_product" time="0.304" /><testcase classname="backend.tests.test_admin_vendor_dashboards.TestVendorDashboard" name="test_vendor_delete_product" time="0.313" /><testcase classname="backend.tests.test_admin_vendor_dashboards.TestVendorPromos" name="test_vendor_create_promo" time="0.111" /><testcase classname="backend.tests.test_admin_vendor_dashboards.TestVendorPromos" name="test_vendor_list_promos" time="0.122" /><testcase classname="backend.tests.test_admin_vendor_dashboards.TestVendorPromos" name="test_vendor_delete_promo" time="0.343" /><testcase classname="backend.tests.test_admin_vendor_dashboards.TestVendorProfile" name="test_vendor_get_profile" time="0.130" /><testcase classname="backend.tests.test_admin_vendor_dashboards.TestVendorProfile" name="test_vendor_update_profile" time="0.106" /><testcase classname="backend.tests.test_admin_vendor_dashboards.TestAccessControl" name="test_vendor_cannot_access_admin_dashboard" time="0.105" /><testcase classname="backend.tests.test_admin_vendor_dashboards.TestAccessControl" name="test_vendor_cannot_access_admin_analytics" time="0.106" /><testcase classname="backend.tests.test_admin_vendor_dashboards.TestAccessControl" name="test_unauthenticated_cannot_access_vendor_dashboard" time="0.117" /><testcase classname="backend.tests.test_admin_vendor_dashboards.TestCleanup" name="test_cleanup_test_products" time="0.229" /><testcase classname="backend.tests.test_admin_vendor_dashboards.TestCleanup" name="test_cleanup_test_promos" time="0.206" /></testsuite></testsuites>