<?xml version="1.0" encoding="utf-8"?><testsuites name="pytest tests"><testsuite name="pytest" errors="0" failures="0" skipped="0" tests="18" time="3.696" timestamp="2026-03-25T08:15:17.191423+00:00" hostname="agent-env-c38652aa-d834-4feb-9277-5d062888cbba"><testcase classname="backend.tests.test_ui_updates.TestHealthAndBasics" name="test_health_endpoint" time="0.236" /><testcase classname="backend.tests.test_ui_updates.TestHealthAndBasics" name="test_products_endpoint" time="0.105" /><testcase classname="backend.tests.test_ui_updates.TestSearchFunctionality" name="test_search_products_by_name" time="0.135" /><testcase classname="backend.tests.test_ui_updates.TestSearchFunctionality" name="test_search_products_by_description" time="0.145" /><testcase classname="backend.tests.test_ui_updates.TestSearchFunctionality" name="test_search_empty_query" time="0.108" /><testcase classname="backend.tests.test_ui_updates.TestProductDetails" name="test_product_detail_has_vendor_name" time="0.230" /><testcase classname="backend.tests.test_ui_updates.TestProductDetails" name="test_product_detail_has_vote_count" time="0.240" /><testcase classname="backend.tests.test_ui_updates.TestProductDetails" name="test_product_detail_has_images" time="0.217" /><testcase classname="backend.tests.test_ui_updates.TestVotingSystem" name="test_check_vote_endpoint_exists" time="0.251" /><testcase classname="backend.tests.test_ui_updates.TestVotingSystem" name="test_vote_with_device_fingerprint" time="0.228" /><testcase classname="backend.tests.test_ui_updates.TestVotingSystem" name="test_duplicate_vote_prevention_by_fingerprint" time="0.420" /><testcase classname="backend.tests.test_ui_updates.TestVotingSystem" name="test_get_product_votes" time="0.229" /><testcase classname="backend.tests.test_ui_updates.TestVotingSystem" name="test_top_voted_product" time="0.137" /><testcase classname="backend.tests.test_ui_updates.TestCategories" name="test_categories_endpoint" time="0.106" /><testcase classname="backend.tests.test_ui_updates.TestCategories" name="test_products_by_category" time="0.109" /><testcase classname="backend.tests.test_ui_updates.TestVendorEndpoints" name="test_vendor_public_products" time="0.217" /><testcase classname="backend.tests.test_ui_updates.TestNewsletterAndFooter" name="test_newsletter_subscribe" time="0.123" /><testcase classname="backend.tests.test_ui_updates.TestNewsletterAndFooter" name="test_newsletter_duplicate_subscribe" time="0.233" /></testsuite></testsuites>