<?xml version="1.0" encoding="utf-8"?><testsuites name="pytest tests"><testsuite name="pytest" errors="0" failures="0" skipped="0" tests="18" time="4.597" timestamp="2026-03-25T23:56:52.467609+00:00" hostname="agent-env-c7c4d0de-d056-4a15-972e-33db6427e9e8"><testcase classname="backend.tests.test_vendor_onboarding.TestVendorOnboardingFlow" name="test_01_vendor_registration_sets_pending_onboarding_status" time="0.846" /><testcase classname="backend.tests.test_vendor_onboarding.TestVendorOnboardingFlow" name="test_02_vendor_onboarding_status_is_pending_onboarding" time="0.105" /><testcase classname="backend.tests.test_vendor_onboarding.TestVendorOnboardingFlow" name="test_03_unapproved_vendor_cannot_access_dashboard" time="0.123" /><testcase classname="backend.tests.test_vendor_onboarding.TestVendorOnboardingFlow" name="test_04_submit_vendor_onboarding" time="0.120" /><testcase classname="backend.tests.test_vendor_onboarding.TestVendorOnboardingFlow" name="test_05_vendor_status_is_pending_approval_after_submission" time="0.114" /><testcase classname="backend.tests.test_vendor_onboarding.TestVendorOnboardingFlow" name="test_06_admin_can_see_pending_vendor_applications" time="0.130" /><testcase classname="backend.tests.test_vendor_onboarding.TestVendorOnboardingFlow" name="test_07_admin_can_approve_vendor" time="0.168" /><testcase classname="backend.tests.test_vendor_onboarding.TestVendorOnboardingFlow" name="test_08_approved_vendor_status_is_approved" time="0.167" /><testcase classname="backend.tests.test_vendor_onboarding.TestVendorOnboardingFlow" name="test_09_approved_vendor_can_access_dashboard" time="0.117" /><testcase classname="backend.tests.test_vendor_onboarding.TestVendorOnboardingFlow" name="test_10_approved_vendor_can_create_products" time="0.128" /><testcase classname="backend.tests.test_vendor_onboarding.TestVendorRejectionFlow" name="test_01_admin_can_reject_vendor" time="0.945" /><testcase classname="backend.tests.test_vendor_onboarding.TestVendorRejectionFlow" name="test_02_rejected_vendor_status_is_rejected" time="0.104" /><testcase classname="backend.tests.test_vendor_onboarding.TestVendorRejectionFlow" name="test_03_rejected_vendor_cannot_access_dashboard" time="0.110" /><testcase classname="backend.tests.test_vendor_onboarding.TestFileUploadEndpoint" name="test_01_upload_endpoint_exists" time="0.456" /><testcase classname="backend.tests.test_vendor_onboarding.TestFileUploadEndpoint" name="test_02_upload_requires_file" time="0.136" /><testcase classname="backend.tests.test_vendor_onboarding.TestAdminOnboardingTab" name="test_01_admin_dashboard_loads" time="0.525" /><testcase classname="backend.tests.test_vendor_onboarding.TestAdminOnboardingTab" name="test_02_pending_vendors_endpoint_works" time="0.106" /><testcase classname="backend.tests.test_vendor_onboarding.TestAdminOnboardingTab" name="test_03_all_vendors_endpoint_works" time="0.113" /></testsuite></testsuites>