<?xml version="1.0" encoding="utf-8"?><testsuites name="pytest tests"><testsuite name="pytest" errors="0" failures="0" skipped="0" tests="15" time="2.180" timestamp="2026-03-25T07:46:07.515994+00:00" hostname="agent-env-c38652aa-d834-4feb-9277-5d062888cbba"><testcase classname="backend.tests.test_new_features.TestHealthAndBasics" name="test_health_endpoint" time="0.126" /><testcase classname="backend.tests.test_new_features.TestHealthAndBasics" name="test_root_endpoint" time="0.110" /><testcase classname="backend.tests.test_new_features.TestCategoriesEndpoint" name="test_get_categories" time="0.103" /><testcase classname="backend.tests.test_new_features.TestProductsEndpoint" name="test_get_products" time="0.108" /><testcase classname="backend.tests.test_new_features.TestProductsEndpoint" name="test_get_featured_products" time="0.103" /><testcase classname="backend.tests.test_new_features.TestProductsEndpoint" name="test_get_popular_products" time="0.100" /><testcase classname="backend.tests.test_new_features.TestVotingEndpoints" name="test_get_top_voted_product" time="0.105" /><testcase classname="backend.tests.test_new_features.TestVotingEndpoints" name="test_vote_for_nonexistent_product" time="0.111" /><testcase classname="backend.tests.test_new_features.TestVotingEndpoints" name="test_get_product_votes" time="0.199" /><testcase classname="backend.tests.test_new_features.TestVendorEndpoints" name="test_get_vendor_products_nonexistent" time="0.101" /><testcase classname="backend.tests.test_new_features.TestVendorEndpoints" name="test_get_vendor_public_profile_nonexistent" time="0.104" /><testcase classname="backend.tests.test_new_features.TestAuthEndpoints" name="test_admin_login" time="0.330" /><testcase classname="backend.tests.test_new_features.TestAuthEndpoints" name="test_invalid_login" time="0.111" /><testcase classname="backend.tests.test_new_features.TestProductDetailWithVoting" name="test_product_detail_and_votes_endpoint" time="0.297" /><testcase classname="backend.tests.test_new_features.TestNewsletterEndpoint" name="test_newsletter_subscribe" time="0.108" /></testsuite></testsuites>